# Logfile created on 2010-12-06 20:01:00 -0500 by logger.rb/25413
REQUESTING PAGE: GET / with {} and HTTP headers {}
REQUESTING PAGE: GET / with {} and HTTP headers {}
REQUESTING PAGE: GET / with {} and HTTP headers {}
REQUESTING PAGE: GET / with {} and HTTP headers {}
REQUESTING PAGE: GET / with {} and HTTP headers {}
REQUESTING PAGE: GET / with {} and HTTP headers {}
REQUESTING PAGE: GET /home with {} and HTTP headers {"HTTP_REFERER"=>"/"}
REQUESTING PAGE: GET /home with {} and HTTP headers {}
REQUESTING PAGE: GET /home with {} and HTTP headers {}
REQUESTING PAGE: GET /home with {} and HTTP headers {}
REQUESTING PAGE: GET /home with {} and HTTP headers {}
REQUESTING PAGE: GET /home with {} and HTTP headers {}
REQUESTING PAGE: GET /home with {} and HTTP headers {}
REQUESTING PAGE: GET /home with {} and HTTP headers {"HTTP_REFERER"=>"/home"}
REQUESTING PAGE: GET /archive with {} and HTTP headers {}
REQUESTING PAGE: GET /archive/browser with {} and HTTP headers {"HTTP_REFERER"=>"/archive"}
REQUESTING PAGE: GET /archive with {} and HTTP headers {}
REQUESTING PAGE: GET /archive/browser with {"keyword_filter"=>"tragic"} and HTTP headers {"HTTP_REFERER"=>"/archive"}
REQUESTING PAGE: GET /archive with {} and HTTP headers {}
REQUESTING PAGE: GET /archive/browser?period_filter=1 with {} and HTTP headers {"HTTP_REFERER"=>"/archive"}
REQUESTING PAGE: GET /archive with {} and HTTP headers {}
REQUESTING PAGE: GET /archive/browser?subject_type_filter=1 with {} and HTTP headers {"HTTP_REFERER"=>"/archive"}
REQUESTING PAGE: GET /archive with {} and HTTP headers {}
REQUESTING PAGE: GET /archive/browser?most_popular_filter=true with {} and HTTP headers {"HTTP_REFERER"=>"/archive"}
REQUESTING PAGE: GET /archive with {} and HTTP headers {}
REQUESTING PAGE: GET /archive/browser?recent_additions_filter=true with {} and HTTP headers {"HTTP_REFERER"=>"/archive"}
REQUESTING PAGE: GET /archive with {} and HTTP headers {}
REQUESTING PAGE: GET /archive/browser?staff_favorites_filter=true with {} and HTTP headers {"HTTP_REFERER"=>"/archive"}
REQUESTING PAGE: GET /archive with {} and HTTP headers {}
REQUESTING PAGE: GET /archive/browser with {} and HTTP headers {"HTTP_REFERER"=>"/archive"}
REQUESTING PAGE: GET /archive with {} and HTTP headers {}
REQUESTING PAGE: GET /archive/browser with {"keyword_filter"=>"tragic"} and HTTP headers {"HTTP_REFERER"=>"/archive"}
REQUESTING PAGE: GET /archive with {} and HTTP headers {}
REQUESTING PAGE: GET /archive/browser?period_filter=1 with {} and HTTP headers {"HTTP_REFERER"=>"/archive"}
REQUESTING PAGE: GET /archive with {} and HTTP headers {}
REQUESTING PAGE: GET /archive/browser?subject_type_filter=1 with {} and HTTP headers {"HTTP_REFERER"=>"/archive"}
REQUESTING PAGE: GET /archive with {} and HTTP headers {}
REQUESTING PAGE: GET /archive/browser?most_popular_filter=true with {} and HTTP headers {"HTTP_REFERER"=>"/archive"}
REQUESTING PAGE: GET /archive with {} and HTTP headers {}
REQUESTING PAGE: GET /archive/browser?recent_additions_filter=true with {} and HTTP headers {"HTTP_REFERER"=>"/archive"}
REQUESTING PAGE: GET /archive with {} and HTTP headers {}
REQUESTING PAGE: GET /archive/browser?staff_favorites_filter=true with {} and HTTP headers {"HTTP_REFERER"=>"/archive"}
REQUESTING PAGE: GET /archive with {} and HTTP headers {}
REQUESTING PAGE: GET /archive/browser with {} and HTTP headers {"HTTP_REFERER"=>"/archive"}
REQUESTING PAGE: GET /archive with {} and HTTP headers {}
REQUESTING PAGE: GET /archive/browser with {"keyword_filter"=>"tragic"} and HTTP headers {"HTTP_REFERER"=>"/archive"}
REQUESTING PAGE: GET /archive with {} and HTTP headers {}
REQUESTING PAGE: GET /archive/browser?period_filter=1 with {} and HTTP headers {"HTTP_REFERER"=>"/archive"}
REQUESTING PAGE: GET /archive with {} and HTTP headers {}
REQUESTING PAGE: GET /archive/browser?subject_type_filter=1 with {} and HTTP headers {"HTTP_REFERER"=>"/archive"}
REQUESTING PAGE: GET /archive with {} and HTTP headers {}
REQUESTING PAGE: GET /archive/browser?most_popular_filter=true with {} and HTTP headers {"HTTP_REFERER"=>"/archive"}
REQUESTING PAGE: GET /archive with {} and HTTP headers {}
REQUESTING PAGE: GET /archive/browser?recent_additions_filter=true with {} and HTTP headers {"HTTP_REFERER"=>"/archive"}
REQUESTING PAGE: GET /archive with {} and HTTP headers {}
REQUESTING PAGE: GET /archive/browser?staff_favorites_filter=true with {} and HTTP headers {"HTTP_REFERER"=>"/archive"}
REQUESTING PAGE: GET /archive with {} and HTTP headers {}
REQUESTING PAGE: GET /archive/browser with {} and HTTP headers {"HTTP_REFERER"=>"/archive"}
REQUESTING PAGE: GET /archive with {} and HTTP headers {}
REQUESTING PAGE: GET /archive/browser with {"keyword_filter"=>"tragic"} and HTTP headers {"HTTP_REFERER"=>"/archive"}
REQUESTING PAGE: GET /archive with {} and HTTP headers {}
REQUESTING PAGE: GET /archive/browser?period_filter=1 with {} and HTTP headers {"HTTP_REFERER"=>"/archive"}
REQUESTING PAGE: GET /archive with {} and HTTP headers {}
REQUESTING PAGE: GET /archive/browser?subject_type_filter=1 with {} and HTTP headers {"HTTP_REFERER"=>"/archive"}
REQUESTING PAGE: GET /archive with {} and HTTP headers {}
REQUESTING PAGE: GET /archive/browser?most_popular_filter=true with {} and HTTP headers {"HTTP_REFERER"=>"/archive"}
REQUESTING PAGE: GET /archive with {} and HTTP headers {}
REQUESTING PAGE: GET /archive/browser?recent_additions_filter=true with {} and HTTP headers {"HTTP_REFERER"=>"/archive"}
REQUESTING PAGE: GET /archive with {} and HTTP headers {}
REQUESTING PAGE: GET /archive/browser?staff_favorites_filter=true with {} and HTTP headers {"HTTP_REFERER"=>"/archive"}
REQUESTING PAGE: GET /archive with {} and HTTP headers {}
REQUESTING PAGE: GET /archive/browser with {} and HTTP headers {"HTTP_REFERER"=>"/archive"}
REQUESTING PAGE: GET /archive with {} and HTTP headers {}
REQUESTING PAGE: GET /archive/browser with {"keyword_filter"=>"tragic"} and HTTP headers {"HTTP_REFERER"=>"/archive"}
REQUESTING PAGE: GET /archive with {} and HTTP headers {}
REQUESTING PAGE: GET /archive/browser?period_filter=1 with {} and HTTP headers {"HTTP_REFERER"=>"/archive"}
REQUESTING PAGE: GET /archive with {} and HTTP headers {}
REQUESTING PAGE: GET /archive/browser?subject_type_filter=1 with {} and HTTP headers {"HTTP_REFERER"=>"/archive"}
REQUESTING PAGE: GET /archive with {} and HTTP headers {}
REQUESTING PAGE: GET /archive/browser?most_popular_filter=true with {} and HTTP headers {"HTTP_REFERER"=>"/archive"}
REQUESTING PAGE: GET /archive with {} and HTTP headers {}
REQUESTING PAGE: GET /archive/browser?recent_additions_filter=true with {} and HTTP headers {"HTTP_REFERER"=>"/archive"}
REQUESTING PAGE: GET /archive with {} and HTTP headers {}
REQUESTING PAGE: GET /archive/browser?staff_favorites_filter=true with {} and HTTP headers {"HTTP_REFERER"=>"/archive"}
REQUESTING PAGE: GET /archive with {} and HTTP headers {}
REQUESTING PAGE: GET /archive/browser with {} and HTTP headers {"HTTP_REFERER"=>"/archive"}
REQUESTING PAGE: GET /archive with {} and HTTP headers {}
REQUESTING PAGE: GET /archive/browser with {"keyword_filter"=>"tragic"} and HTTP headers {"HTTP_REFERER"=>"/archive"}
REQUESTING PAGE: GET /archive with {} and HTTP headers {}
REQUESTING PAGE: GET /archive/browser?period_filter=1 with {} and HTTP headers {"HTTP_REFERER"=>"/archive"}
REQUESTING PAGE: GET /archive with {} and HTTP headers {}
REQUESTING PAGE: GET /archive/browser?subject_type_filter=1 with {} and HTTP headers {"HTTP_REFERER"=>"/archive"}
REQUESTING PAGE: GET /archive with {} and HTTP headers {}
REQUESTING PAGE: GET /archive/browser?most_popular_filter=true with {} and HTTP headers {"HTTP_REFERER"=>"/archive"}
REQUESTING PAGE: GET /archive with {} and HTTP headers {}
REQUESTING PAGE: GET /archive/browser?recent_additions_filter=true with {} and HTTP headers {"HTTP_REFERER"=>"/archive"}
REQUESTING PAGE: GET /archive with {} and HTTP headers {}
REQUESTING PAGE: GET /archive/browser?staff_favorites_filter=true with {} and HTTP headers {"HTTP_REFERER"=>"/archive"}
REQUESTING PAGE: GET /archive with {} and HTTP headers {}
REQUESTING PAGE: GET /archive/browser with {} and HTTP headers {"HTTP_REFERER"=>"/archive"}
REQUESTING PAGE: GET /archive with {} and HTTP headers {}
REQUESTING PAGE: GET /archive/browser with {"keyword_filter"=>"tragic"} and HTTP headers {"HTTP_REFERER"=>"/archive"}
REQUESTING PAGE: GET /archive with {} and HTTP headers {}
REQUESTING PAGE: GET /archive/browser?period_filter=1 with {} and HTTP headers {"HTTP_REFERER"=>"/archive"}
REQUESTING PAGE: GET /archive with {} and HTTP headers {"HTTP_REFERER"=>"/archive/browser?period_filter=1"}
REQUESTING PAGE: GET /archive/browser?period_filter=2 with {} and HTTP headers {"HTTP_REFERER"=>"/archive"}
REQUESTING PAGE: GET /archive with {} and HTTP headers {"HTTP_REFERER"=>"/archive/browser?period_filter=2"}
REQUESTING PAGE: GET /archive/browser?period_filter=3 with {} and HTTP headers {"HTTP_REFERER"=>"/archive"}
REQUESTING PAGE: GET /archive with {} and HTTP headers {"HTTP_REFERER"=>"/archive/browser?period_filter=3"}
REQUESTING PAGE: GET /archive/browser?period_filter=4 with {} and HTTP headers {"HTTP_REFERER"=>"/archive"}
REQUESTING PAGE: GET /archive with {} and HTTP headers {"HTTP_REFERER"=>"/archive/browser?period_filter=4"}
REQUESTING PAGE: GET /archive/browser?period_filter=5 with {} and HTTP headers {"HTTP_REFERER"=>"/archive"}
REQUESTING PAGE: GET /archive with {} and HTTP headers {"HTTP_REFERER"=>"/archive/browser?period_filter=5"}
REQUESTING PAGE: GET /archive/browser?period_filter=6 with {} and HTTP headers {"HTTP_REFERER"=>"/archive"}
REQUESTING PAGE: GET /archive with {} and HTTP headers {"HTTP_REFERER"=>"/archive/browser?period_filter=6"}
REQUESTING PAGE: GET /archive/browser?period_filter=7 with {} and HTTP headers {"HTTP_REFERER"=>"/archive"}
REQUESTING PAGE: GET /archive with {} and HTTP headers {"HTTP_REFERER"=>"/archive/browser?period_filter=7"}
REQUESTING PAGE: GET /archive/browser?period_filter=8 with {} and HTTP headers {"HTTP_REFERER"=>"/archive"}
REQUESTING PAGE: GET /archive with {} and HTTP headers {"HTTP_REFERER"=>"/archive/browser?period_filter=8"}
REQUESTING PAGE: GET /archive/browser?period_filter=9 with {} and HTTP headers {"HTTP_REFERER"=>"/archive"}
REQUESTING PAGE: GET /archive with {} and HTTP headers {"HTTP_REFERER"=>"/archive/browser?period_filter=9"}
REQUESTING PAGE: GET /archive with {} and HTTP headers {}
REQUESTING PAGE: GET /archive/browser?subject_type_filter=1 with {} and HTTP headers {"HTTP_REFERER"=>"/archive"}
REQUESTING PAGE: GET /archive with {} and HTTP headers {"HTTP_REFERER"=>"/archive/browser?subject_type_filter=1"}
REQUESTING PAGE: GET /archive/browser?subject_type_filter=2 with {} and HTTP headers {"HTTP_REFERER"=>"/archive"}
REQUESTING PAGE: GET /archive with {} and HTTP headers {"HTTP_REFERER"=>"/archive/browser?subject_type_filter=2"}
REQUESTING PAGE: GET /archive/browser?subject_type_filter=4 with {} and HTTP headers {"HTTP_REFERER"=>"/archive"}
REQUESTING PAGE: GET /archive with {} and HTTP headers {"HTTP_REFERER"=>"/archive/browser?subject_type_filter=4"}
REQUESTING PAGE: GET /archive/browser?subject_type_filter=3 with {} and HTTP headers {"HTTP_REFERER"=>"/archive"}
REQUESTING PAGE: GET /archive with {} and HTTP headers {"HTTP_REFERER"=>"/archive/browser?subject_type_filter=3"}
REQUESTING PAGE: GET /archive/browser?subject_type_filter=5 with {} and HTTP headers {"HTTP_REFERER"=>"/archive"}
REQUESTING PAGE: GET /archive with {} and HTTP headers {"HTTP_REFERER"=>"/archive/browser?subject_type_filter=5"}
REQUESTING PAGE: GET /archive/browser?subject_type_filter=6 with {} and HTTP headers {"HTTP_REFERER"=>"/archive"}
REQUESTING PAGE: GET /archive with {} and HTTP headers {"HTTP_REFERER"=>"/archive/browser?subject_type_filter=6"}
REQUESTING PAGE: GET /archive with {} and HTTP headers {}
REQUESTING PAGE: GET /archive/browser?most_popular_filter=true with {} and HTTP headers {"HTTP_REFERER"=>"/archive"}
REQUESTING PAGE: GET /archive with {} and HTTP headers {}
REQUESTING PAGE: GET /archive/browser?recent_additions_filter=true with {} and HTTP headers {"HTTP_REFERER"=>"/archive"}
REQUESTING PAGE: GET /archive with {} and HTTP headers {}
REQUESTING PAGE: GET /archive/browser?staff_favorites_filter=true with {} and HTTP headers {"HTTP_REFERER"=>"/archive"}
REQUESTING PAGE: GET /archive with {} and HTTP headers {}
REQUESTING PAGE: GET /archive/browser with {} and HTTP headers {"HTTP_REFERER"=>"/archive"}
REQUESTING PAGE: GET /archive with {} and HTTP headers {}
REQUESTING PAGE: GET /archive/browser with {"keyword_filter"=>"tragic"} and HTTP headers {"HTTP_REFERER"=>"/archive"}
REQUESTING PAGE: GET /archive with {} and HTTP headers {}
REQUESTING PAGE: GET /archive/browser?period_filter=1 with {} and HTTP headers {"HTTP_REFERER"=>"/archive"}
REQUESTING PAGE: GET /archive with {} and HTTP headers {"HTTP_REFERER"=>"/archive/browser?period_filter=1"}
REQUESTING PAGE: GET /archive/browser?period_filter=2 with {} and HTTP headers {"HTTP_REFERER"=>"/archive"}
REQUESTING PAGE: GET /archive with {} and HTTP headers {"HTTP_REFERER"=>"/archive/browser?period_filter=2"}
REQUESTING PAGE: GET /archive/browser?period_filter=3 with {} and HTTP headers {"HTTP_REFERER"=>"/archive"}
REQUESTING PAGE: GET /archive with {} and HTTP headers {"HTTP_REFERER"=>"/archive/browser?period_filter=3"}
REQUESTING PAGE: GET /archive/browser?period_filter=4 with {} and HTTP headers {"HTTP_REFERER"=>"/archive"}
REQUESTING PAGE: GET /archive with {} and HTTP headers {"HTTP_REFERER"=>"/archive/browser?period_filter=4"}
REQUESTING PAGE: GET /archive/browser?period_filter=5 with {} and HTTP headers {"HTTP_REFERER"=>"/archive"}
REQUESTING PAGE: GET /archive with {} and HTTP headers {"HTTP_REFERER"=>"/archive/browser?period_filter=5"}
REQUESTING PAGE: GET /archive/browser?period_filter=6 with {} and HTTP headers {"HTTP_REFERER"=>"/archive"}
REQUESTING PAGE: GET /archive with {} and HTTP headers {"HTTP_REFERER"=>"/archive/browser?period_filter=6"}
REQUESTING PAGE: GET /archive/browser?period_filter=7 with {} and HTTP headers {"HTTP_REFERER"=>"/archive"}
REQUESTING PAGE: GET /archive with {} and HTTP headers {"HTTP_REFERER"=>"/archive/browser?period_filter=7"}
REQUESTING PAGE: GET /archive/browser?period_filter=8 with {} and HTTP headers {"HTTP_REFERER"=>"/archive"}
REQUESTING PAGE: GET /archive with {} and HTTP headers {"HTTP_REFERER"=>"/archive/browser?period_filter=8"}
REQUESTING PAGE: GET /archive/browser?period_filter=9 with {} and HTTP headers {"HTTP_REFERER"=>"/archive"}
REQUESTING PAGE: GET /archive with {} and HTTP headers {"HTTP_REFERER"=>"/archive/browser?period_filter=9"}
REQUESTING PAGE: GET /archive with {} and HTTP headers {}
REQUESTING PAGE: GET /archive/browser?subject_type_filter=1 with {} and HTTP headers {"HTTP_REFERER"=>"/archive"}
REQUESTING PAGE: GET /archive with {} and HTTP headers {"HTTP_REFERER"=>"/archive/browser?subject_type_filter=1"}
REQUESTING PAGE: GET /archive/browser?subject_type_filter=2 with {} and HTTP headers {"HTTP_REFERER"=>"/archive"}
REQUESTING PAGE: GET /archive with {} and HTTP headers {"HTTP_REFERER"=>"/archive/browser?subject_type_filter=2"}
REQUESTING PAGE: GET /archive/browser?subject_type_filter=4 with {} and HTTP headers {"HTTP_REFERER"=>"/archive"}
REQUESTING PAGE: GET /archive with {} and HTTP headers {"HTTP_REFERER"=>"/archive/browser?subject_type_filter=4"}
REQUESTING PAGE: GET /archive/browser?subject_type_filter=3 with {} and HTTP headers {"HTTP_REFERER"=>"/archive"}
REQUESTING PAGE: GET /archive with {} and HTTP headers {"HTTP_REFERER"=>"/archive/browser?subject_type_filter=3"}
REQUESTING PAGE: GET /archive/browser?subject_type_filter=5 with {} and HTTP headers {"HTTP_REFERER"=>"/archive"}
REQUESTING PAGE: GET /archive with {} and HTTP headers {"HTTP_REFERER"=>"/archive/browser?subject_type_filter=5"}
REQUESTING PAGE: GET /archive/browser?subject_type_filter=6 with {} and HTTP headers {"HTTP_REFERER"=>"/archive"}
REQUESTING PAGE: GET /archive with {} and HTTP headers {"HTTP_REFERER"=>"/archive/browser?subject_type_filter=6"}
REQUESTING PAGE: GET /archive with {} and HTTP headers {}
REQUESTING PAGE: GET /archive/browser?most_popular_filter=true with {} and HTTP headers {"HTTP_REFERER"=>"/archive"}
REQUESTING PAGE: GET /archive with {} and HTTP headers {}
REQUESTING PAGE: GET /archive/browser?recent_additions_filter=true with {} and HTTP headers {"HTTP_REFERER"=>"/archive"}
REQUESTING PAGE: GET /archive with {} and HTTP headers {}
REQUESTING PAGE: GET /archive/browser?staff_favorites_filter=true with {} and HTTP headers {"HTTP_REFERER"=>"/archive"}
